<?xml version="1.0" encoding="UTF-8"?>
<coverage generated="1751596233647" clover="3.2.0">
  <project timestamp="1751596233647" name="All files">
    <metrics statements="8" coveredstatements="8" conditionals="0" coveredconditionals="0" methods="2" coveredmethods="2" elements="10" coveredelements="10" complexity="0" loc="8" ncloc="8" packages="1" files="1" classes="1"/>
    <file name="app.js" path="C:\Users\Lenovo\Documents\testing_js\tarea3\course-student-fp\src\app.js">
      <metrics statements="8" coveredstatements="8" conditionals="0" coveredconditionals="0" methods="2" coveredmethods="2"/>
      <line num="3" count="1" type="stmt"/>
      <line num="4" count="1" type="stmt"/>
      <line num="7" count="1" type="stmt"/>
      <line num="8" count="1" type="stmt"/>
      <line num="9" count="1" type="stmt"/>
      <line num="10" count="1" type="stmt"/>
      <line num="14" count="1" type="stmt"/>
      <line num="15" count="1" type="stmt"/>
    </file>
  </project>
</coverage>
