{"C:\\Users\\Lenovo\\Documents\\testing_js\\tarea3\\course-student-fp\\src\\app.js": {"path":"C:\\Users\\Lenovo\\Documents\\testing_js\\tarea3\\course-student-fp\\src\\app.js","statementMap":{"0":{"start":{"line":5,"column":12},"end":{"line":5,"column":21}},"1":{"start":{"line":6,"column":0},"end":{"line":6,"column":24}},"2":{"start":{"line":9,"column":0},"end":{"line":9,"column":35}},"3":{"start":{"line":10,"column":0},"end":{"line":10,"column":37}},"4":{"start":{"line":13,"column":0},"end":{"line":15,"column":3}},"5":{"start":{"line":14,"column":2},"end":{"line":14,"column":22}}},"fnMap":{"0":{"name":"(anonymous_0)","decl":{"start":{"line":13,"column":8},"end":{"line":13,"column":9}},"loc":{"start":{"line":13,"column":22},"end":{"line":15,"column":1}},"line":13}},"branchMap":{},"s":{"0":2,"1":2,"2":2,"3":2,"4":2,"5":0},"f":{"0":0},"b":{},"_coverageSchema":"1a1c01bbd47fc00a2c39e90264f33305004495a9","hash":"4495a2d2fe722273f5865424d5ca3868442c33e9"}
,"C:\\Users\\Lenovo\\Documents\\testing_js\\tarea3\\course-student-fp\\src\\controllers\\courses.controller.js": {"path":"C:\\Users\\Lenovo\\Documents\\testing_js\\tarea3\\course-student-fp\\src\\controllers\\courses.controller.js","statementMap":{"0":{"start":{"line":2,"column":16},"end":{"line":2,"column":18}},"1":{"start":{"line":3,"column":19},"end":{"line":3,"column":20}},"2":{"start":{"line":6,"column":28},"end":{"line":10,"column":1}},"3":{"start":{"line":7,"column":17},"end":{"line":7,"column":52}},"4":{"start":{"line":8,"column":2},"end":{"line":8,"column":23}},"5":{"start":{"line":9,"column":2},"end":{"line":9,"column":31}},"6":{"start":{"line":12,"column":29},"end":{"line":14,"column":1}},"7":{"start":{"line":13,"column":2},"end":{"line":13,"column":32}},"8":{"start":{"line":16,"column":29},"end":{"line":20,"column":1}},"9":{"start":{"line":17,"column":17},"end":{"line":17,"column":66}},"10":{"start":{"line":17,"column":35},"end":{"line":17,"column":65}},"11":{"start":{"line":18,"column":2},"end":{"line":18,"column":42}},"12":{"start":{"line":18,"column":15},"end":{"line":18,"column":42}},"13":{"start":{"line":19,"column":2},"end":{"line":19,"column":31}},"14":{"start":{"line":22,"column":28},"end":{"line":28,"column":1}},"15":{"start":{"line":23,"column":13},"end":{"line":23,"column":34}},"16":{"start":{"line":24,"column":14},"end":{"line":24,"column":49}},"17":{"start":{"line":24,"column":37},"end":{"line":24,"column":48}},"18":{"start":{"line":25,"column":2},"end":{"line":25,"column":45}},"19":{"start":{"line":25,"column":18},"end":{"line":25,"column":45}},"20":{"start":{"line":26,"column":2},"end":{"line":26,"column":50}},"21":{"start":{"line":27,"column":2},"end":{"line":27,"column":37}},"22":{"start":{"line":30,"column":28},"end":{"line":36,"column":1}},"23":{"start":{"line":31,"column":13},"end":{"line":31,"column":34}},"24":{"start":{"line":32,"column":14},"end":{"line":32,"column":49}},"25":{"start":{"line":32,"column":37},"end":{"line":32,"column":48}},"26":{"start":{"line":33,"column":2},"end":{"line":33,"column":45}},"27":{"start":{"line":33,"column":18},"end":{"line":33,"column":45}},"28":{"start":{"line":34,"column":2},"end":{"line":34,"column":25}},"29":{"start":{"line":35,"column":2},"end":{"line":35,"column":22}}},"fnMap":{"0":{"name":"(anonymous_0)","decl":{"start":{"line":6,"column":28},"end":{"line":6,"column":29}},"loc":{"start":{"line":6,"column":42},"end":{"line":10,"column":1}},"line":6},"1":{"name":"(anonymous_1)","decl":{"start":{"line":12,"column":29},"end":{"line":12,"column":30}},"loc":{"start":{"line":12,"column":43},"end":{"line":14,"column":1}},"line":12},"2":{"name":"(anonymous_2)","decl":{"start":{"line":16,"column":29},"end":{"line":16,"column":30}},"loc":{"start":{"line":16,"column":43},"end":{"line":20,"column":1}},"line":16},"3":{"name":"(anonymous_3)","decl":{"start":{"line":17,"column":30},"end":{"line":17,"column":31}},"loc":{"start":{"line":17,"column":35},"end":{"line":17,"column":65}},"line":17},"4":{"name":"(anonymous_4)","decl":{"start":{"line":22,"column":28},"end":{"line":22,"column":29}},"loc":{"start":{"line":22,"column":42},"end":{"line":28,"column":1}},"line":22},"5":{"name":"(anonymous_5)","decl":{"start":{"line":24,"column":32},"end":{"line":24,"column":33}},"loc":{"start":{"line":24,"column":37},"end":{"line":24,"column":48}},"line":24},"6":{"name":"(anonymous_6)","decl":{"start":{"line":30,"column":28},"end":{"line":30,"column":29}},"loc":{"start":{"line":30,"column":42},"end":{"line":36,"column":1}},"line":30},"7":{"name":"(anonymous_7)","decl":{"start":{"line":32,"column":32},"end":{"line":32,"column":33}},"loc":{"start":{"line":32,"column":37},"end":{"line":32,"column":48}},"line":32}},"branchMap":{"0":{"loc":{"start":{"line":18,"column":2},"end":{"line":18,"column":42}},"type":"if","locations":[{"start":{"line":18,"column":2},"end":{"line":18,"column":42}},{"start":{},"end":{}}],"line":18},"1":{"loc":{"start":{"line":25,"column":2},"end":{"line":25,"column":45}},"type":"if","locations":[{"start":{"line":25,"column":2},"end":{"line":25,"column":45}},{"start":{},"end":{}}],"line":25},"2":{"loc":{"start":{"line":33,"column":2},"end":{"line":33,"column":45}},"type":"if","locations":[{"start":{"line":33,"column":2},"end":{"line":33,"column":45}},{"start":{},"end":{}}],"line":33}},"s":{"0":2,"1":2,"2":2,"3":4,"4":4,"5":4,"6":2,"7":1,"8":2,"9":2,"10":5,"11":2,"12":1,"13":1,"14":2,"15":1,"16":1,"17":3,"18":1,"19":0,"20":1,"21":1,"22":2,"23":1,"24":1,"25":4,"26":1,"27":0,"28":1,"29":1},"f":{"0":4,"1":1,"2":2,"3":5,"4":1,"5":3,"6":1,"7":4},"b":{"0":[1,1],"1":[0,1],"2":[0,1]},"_coverageSchema":"1a1c01bbd47fc00a2c39e90264f33305004495a9","hash":"68e149bf420acde34970d99a7140a3411247d8de"}
,"C:\\Users\\Lenovo\\Documents\\testing_js\\tarea3\\course-student-fp\\src\\controllers\\students.controller.js": {"path":"C:\\Users\\Lenovo\\Documents\\testing_js\\tarea3\\course-student-fp\\src\\controllers\\students.controller.js","statementMap":{"0":{"start":{"line":1,"column":17},"end":{"line":1,"column":19}},"1":{"start":{"line":2,"column":20},"end":{"line":2,"column":21}},"2":{"start":{"line":4,"column":29},"end":{"line":8,"column":1}},"3":{"start":{"line":5,"column":18},"end":{"line":5,"column":54}},"4":{"start":{"line":6,"column":2},"end":{"line":6,"column":25}},"5":{"start":{"line":7,"column":2},"end":{"line":7,"column":32}},"6":{"start":{"line":10,"column":30},"end":{"line":12,"column":1}},"7":{"start":{"line":11,"column":2},"end":{"line":11,"column":33}},"8":{"start":{"line":14,"column":30},"end":{"line":19,"column":1}},"9":{"start":{"line":15,"column":13},"end":{"line":15,"column":34}},"10":{"start":{"line":16,"column":18},"end":{"line":16,"column":49}},"11":{"start":{"line":16,"column":37},"end":{"line":16,"column":48}},"12":{"start":{"line":17,"column":2},"end":{"line":17,"column":43}},"13":{"start":{"line":17,"column":16},"end":{"line":17,"column":43}},"14":{"start":{"line":18,"column":2},"end":{"line":18,"column":32}},"15":{"start":{"line":22,"column":29},"end":{"line":28,"column":1}},"16":{"start":{"line":23,"column":13},"end":{"line":23,"column":34}},"17":{"start":{"line":24,"column":14},"end":{"line":24,"column":50}},"18":{"start":{"line":24,"column":38},"end":{"line":24,"column":49}},"19":{"start":{"line":25,"column":2},"end":{"line":25,"column":45}},"20":{"start":{"line":25,"column":18},"end":{"line":25,"column":45}},"21":{"start":{"line":26,"column":2},"end":{"line":26,"column":52}},"22":{"start":{"line":27,"column":2},"end":{"line":27,"column":38}}},"fnMap":{"0":{"name":"(anonymous_0)","decl":{"start":{"line":4,"column":29},"end":{"line":4,"column":30}},"loc":{"start":{"line":4,"column":43},"end":{"line":8,"column":1}},"line":4},"1":{"name":"(anonymous_1)","decl":{"start":{"line":10,"column":30},"end":{"line":10,"column":31}},"loc":{"start":{"line":10,"column":44},"end":{"line":12,"column":1}},"line":10},"2":{"name":"(anonymous_2)","decl":{"start":{"line":14,"column":30},"end":{"line":14,"column":31}},"loc":{"start":{"line":14,"column":44},"end":{"line":19,"column":1}},"line":14},"3":{"name":"(anonymous_3)","decl":{"start":{"line":16,"column":32},"end":{"line":16,"column":33}},"loc":{"start":{"line":16,"column":37},"end":{"line":16,"column":48}},"line":16},"4":{"name":"(anonymous_4)","decl":{"start":{"line":22,"column":29},"end":{"line":22,"column":30}},"loc":{"start":{"line":22,"column":43},"end":{"line":28,"column":1}},"line":22},"5":{"name":"(anonymous_5)","decl":{"start":{"line":24,"column":33},"end":{"line":24,"column":34}},"loc":{"start":{"line":24,"column":38},"end":{"line":24,"column":49}},"line":24}},"branchMap":{"0":{"loc":{"start":{"line":17,"column":2},"end":{"line":17,"column":43}},"type":"if","locations":[{"start":{"line":17,"column":2},"end":{"line":17,"column":43}},{"start":{},"end":{}}],"line":17},"1":{"loc":{"start":{"line":25,"column":2},"end":{"line":25,"column":45}},"type":"if","locations":[{"start":{"line":25,"column":2},"end":{"line":25,"column":45}},{"start":{},"end":{}}],"line":25}},"s":{"0":2,"1":2,"2":2,"3":3,"4":3,"5":3,"6":2,"7":1,"8":2,"9":1,"10":1,"11":2,"12":1,"13":0,"14":1,"15":2,"16":1,"17":1,"18":3,"19":1,"20":0,"21":1,"22":1},"f":{"0":3,"1":1,"2":1,"3":2,"4":1,"5":3},"b":{"0":[0,1],"1":[0,1]},"_coverageSchema":"1a1c01bbd47fc00a2c39e90264f33305004495a9","hash":"b88f947e27d057acd7617fe6fb6549401f9e2240"}
,"C:\\Users\\Lenovo\\Documents\\testing_js\\tarea3\\course-student-fp\\src\\routers\\courses.routes.js": {"path":"C:\\Users\\Lenovo\\Documents\\testing_js\\tarea3\\course-student-fp\\src\\routers\\courses.routes.js","statementMap":{"0":{"start":{"line":10,"column":15},"end":{"line":10,"column":31}},"1":{"start":{"line":13,"column":0},"end":{"line":13,"column":31}},"2":{"start":{"line":16,"column":0},"end":{"line":16,"column":31}},"3":{"start":{"line":19,"column":0},"end":{"line":19,"column":34}},"4":{"start":{"line":22,"column":0},"end":{"line":22,"column":33}},"5":{"start":{"line":25,"column":0},"end":{"line":25,"column":36}}},"fnMap":{},"branchMap":{},"s":{"0":2,"1":2,"2":2,"3":2,"4":2,"5":2},"f":{},"b":{},"_coverageSchema":"1a1c01bbd47fc00a2c39e90264f33305004495a9","hash":"58ce74e14389b54f9e8c8c8e9609644426a18d74"}
,"C:\\Users\\Lenovo\\Documents\\testing_js\\tarea3\\course-student-fp\\src\\routers\\students.routes.js": {"path":"C:\\Users\\Lenovo\\Documents\\testing_js\\tarea3\\course-student-fp\\src\\routers\\students.routes.js","statementMap":{"0":{"start":{"line":9,"column":15},"end":{"line":9,"column":31}},"1":{"start":{"line":12,"column":0},"end":{"line":12,"column":32}},"2":{"start":{"line":15,"column":0},"end":{"line":15,"column":32}},"3":{"start":{"line":18,"column":0},"end":{"line":18,"column":35}},"4":{"start":{"line":21,"column":0},"end":{"line":21,"column":34}}},"fnMap":{},"branchMap":{},"s":{"0":2,"1":2,"2":2,"3":2,"4":2},"f":{},"b":{},"_coverageSchema":"1a1c01bbd47fc00a2c39e90264f33305004495a9","hash":"7a967d8355013ea88e88536feeec2c0d646cfd8d"}
}
