TN:
SF:src\app.js
FN:13,(anonymous_0)
FNF:1
FNH:0
FNDA:0,(anonymous_0)
DA:5,2
DA:6,2
DA:9,2
DA:10,2
DA:13,2
DA:14,0
LF:6
LH:5
BRF:0
BRH:0
end_of_record
TN:
SF:src\controllers\courses.controller.js
FN:6,(anonymous_0)
FN:12,(anonymous_1)
FN:16,(anonymous_2)
FN:17,(anonymous_3)
FN:22,(anonymous_4)
FN:24,(anonymous_5)
FN:30,(anonymous_6)
FN:32,(anonymous_7)
FNF:8
FNH:8
FNDA:4,(anonymous_0)
FNDA:1,(anonymous_1)
FNDA:2,(anonymous_2)
FNDA:5,(anonymous_3)
FNDA:1,(anonymous_4)
FNDA:3,(anonymous_5)
FNDA:1,(anonymous_6)
FNDA:4,(anonymous_7)
DA:2,2
DA:3,2
DA:6,2
DA:7,4
DA:8,4
DA:9,4
DA:12,2
DA:13,1
DA:16,2
DA:17,5
DA:18,2
DA:19,1
DA:22,2
DA:23,1
DA:24,3
DA:25,1
DA:26,1
DA:27,1
DA:30,2
DA:31,1
DA:32,4
DA:33,1
DA:34,1
DA:35,1
LF:24
LH:24
BRDA:18,0,0,1
BRDA:18,0,1,1
BRDA:25,1,0,0
BRDA:25,1,1,1
BRDA:33,2,0,0
BRDA:33,2,1,1
BRF:6
BRH:4
end_of_record
TN:
SF:src\controllers\students.controller.js
FN:4,(anonymous_0)
FN:10,(anonymous_1)
FN:14,(anonymous_2)
FN:16,(anonymous_3)
FN:22,(anonymous_4)
FN:24,(anonymous_5)
FNF:6
FNH:6
FNDA:3,(anonymous_0)
FNDA:1,(anonymous_1)
FNDA:1,(anonymous_2)
FNDA:2,(anonymous_3)
FNDA:1,(anonymous_4)
FNDA:3,(anonymous_5)
DA:1,2
DA:2,2
DA:4,2
DA:5,3
DA:6,3
DA:7,3
DA:10,2
DA:11,1
DA:14,2
DA:15,1
DA:16,2
DA:17,1
DA:18,1
DA:22,2
DA:23,1
DA:24,3
DA:25,1
DA:26,1
DA:27,1
LF:19
LH:19
BRDA:17,0,0,0
BRDA:17,0,1,1
BRDA:25,1,0,0
BRDA:25,1,1,1
BRF:4
BRH:2
end_of_record
TN:
SF:src\routers\courses.routes.js
FNF:0
FNH:0
DA:10,2
DA:13,2
DA:16,2
DA:19,2
DA:22,2
DA:25,2
LF:6
LH:6
BRF:0
BRH:0
end_of_record
TN:
SF:src\routers\students.routes.js
FNF:0
FNH:0
DA:9,2
DA:12,2
DA:15,2
DA:18,2
DA:21,2
LF:5
LH:5
BRF:0
BRH:0
end_of_record
